[ 2016-11-12T15:38:53+08:00 ] ::1 /list/index.php/home/index/apiGet
ERR: Think\Model:getOrganiser方法不存在！

[ 2016-11-12T16:56:10+08:00 ] ::1 /list/index.php/home/index/function%20getPeople()%20%7B%20%20%20%20%20%20%20%20$.ajax(%7B%20%20%20%20%20%20%20%20%20%20%20%20type:%20%22post%22,%20%20%20%20%20%20%20%20%20%20%20%20url%20:getPeople,%20%20%20%20%20%20%20%20%20%20%20%20%20data:%7B%20%20%20%20%20%20%20%20%20%20%20%20%20%7D,%20%20%20%20%20%20%20%20%20%20%20%20dataType:%20%22json%22,%20%20%20%20%20%20%20%20%20%20%20%20success:%20function%20(res)%20%7B%20%20%20%20%20%20%20%20%20%20%20%20%20%20%20console.log(res);%20%20%20%20%20%20%20%20%20%20%20%20%7D%20%20%20%20%20%20%20%20%7D);%20%20%20%20%7D
INFO: [ app_begin ] --START--
INFO: Run Behavior\ReadHtmlCacheBehavior [ RunTime:0.021437s ]
INFO: [ app_begin ] --END-- [ RunTime:0.028776s ]
NOTIC: [2] is_file(): File name is longer than the maximum allowed path length on this platform (260): ./LIST/Home/View/Index/function getPeople() {        $.ajax({            type: &quot;post&quot;,            url :getPeople,             data:{             },            dataType: &quot;json&quot;,            success: function (res) {               console.log(res);            }        });    }.html D:\UPUPW_AP5.4\htdocs\list\ThinkPHP\Common\functions.php 第 485 行.
ERR: 非法操作:function getPeople() {        $.ajax({            type: "post",            url :getPeople,             data:{             },            dataType: "json",            success: function (res) {               console.log(res);            }        });    }

[ 2016-11-12T16:56:19+08:00 ] ::1 /list/index.php/home/index/function%20getPeople()%20%7B%20%20%20%20%20%20%20%20$.ajax(%7B%20%20%20%20%20%20%20%20%20%20%20%20type:%20%22post%22,%20%20%20%20%20%20%20%20%20%20%20%20url%20:getPeople,%20%20%20%20%20%20%20%20%20%20%20%20%20data:%7B%20%20%20%20%20%20%20%20%20%20%20%20%20%7D,%20%20%20%20%20%20%20%20%20%20%20%20dataType:%20%22json%22,%20%20%20%20%20%20%20%20%20%20%20%20success:%20function%20(res)%20%7B%20%20%20%20%20%20%20%20%20%20%20%20%20%20%20console.log(res);%20%20%20%20%20%20%20%20%20%20%20%20%7D%20%20%20%20%20%20%20%20%7D);%20%20%20%20%7D
INFO: [ app_begin ] --START--
INFO: Run Behavior\ReadHtmlCacheBehavior [ RunTime:0.019751s ]
INFO: [ app_begin ] --END-- [ RunTime:0.028337s ]
NOTIC: [2] is_file(): File name is longer than the maximum allowed path length on this platform (260): ./LIST/Home/View/Index/function getPeople() {        $.ajax({            type: &quot;post&quot;,            url :getPeople,             data:{             },            dataType: &quot;json&quot;,            success: function (res) {               console.log(res);            }        });    }.html D:\UPUPW_AP5.4\htdocs\list\ThinkPHP\Common\functions.php 第 485 行.
ERR: 非法操作:function getPeople() {        $.ajax({            type: "post",            url :getPeople,             data:{             },            dataType: "json",            success: function (res) {               console.log(res);            }        });    }

[ 2016-11-12T16:57:02+08:00 ] ::1 /list/index.php/home/index/function%20getPeople()%20%7Balert(%22dfs%22)%20%20%20%20%20%20%20%20$.ajax(%7B%20%20%20%20%20%20%20%20%20%20%20%20type:%20%22post%22,%20%20%20%20%20%20%20%20%20%20%20%20url%20:getPeople,%20%20%20%20%20%20%20%20%20%20%20%20%20data:%7B%20%20%20%20%20%20%20%20%20%20%20%20%20%7D,%20%20%20%20%20%20%20%20%20%20%20%20dataType:%20%22json%22,%20%20%20%20%20%20%20%20%20%20%20%20success:%20function%20(res)%20%7B%20%20%20%20%20%20%20%20%20%20%20%20%20%20%20console.log(res);%20%20%20%20%20%20%20%20%20%20%20%20%7D%20%20%20%20%20%20%20%20%7D);%20%20%20%20%7D
INFO: [ app_begin ] --START--
INFO: Run Behavior\ReadHtmlCacheBehavior [ RunTime:0.015108s ]
INFO: [ app_begin ] --END-- [ RunTime:0.018605s ]
NOTIC: [2] is_file(): File name is longer than the maximum allowed path length on this platform (260): ./LIST/Home/View/Index/function getPeople() {alert(&quot;dfs&quot;)        $.ajax({            type: &quot;post&quot;,            url :getPeople,             data:{             },            dataType: &quot;json&quot;,            success: function (res) {               console.log(res);            }        });    }.html D:\UPUPW_AP5.4\htdocs\list\ThinkPHP\Common\functions.php 第 485 行.
ERR: 非法操作:function getPeople() {alert("dfs")        $.ajax({            type: "post",            url :getPeople,             data:{             },            dataType: "json",            success: function (res) {               console.log(res);            }        });    }

[ 2016-11-12T16:57:18+08:00 ] ::1 /list/index.php/home/index/function%20getPeople()%20%7B%20%20%20%20%20%20%20%20$.ajax(%7B%20%20%20%20%20%20%20%20%20%20%20%20type:%20%22post%22,%20%20%20%20%20%20%20%20%20%20%20%20url%20:getPeople,%20%20%20%20%20%20%20%20%20%20%20%20%20data:%7B%20%20%20%20%20%20%20%20%20%20%20%20%20%7D,%20%20%20%20%20%20%20%20%20%20%20%20dataType:%20%22json%22,%20%20%20%20%20%20%20%20%20%20%20%20success:%20function%20(res)%20%7B%20%20%20%20%20%20%20%20%20%20%20%20alert(%22dfs%22)%20%20%20%20%20%20%20%20%20%20%20%20%20%20%20console.log(res);%20%20%20%20%20%20%20%20%20%20%20%20%7D%20%20%20%20%20%20%20%20%7D);%20%20%20%20%7D
INFO: [ app_begin ] --START--
INFO: Run Behavior\ReadHtmlCacheBehavior [ RunTime:0.008812s ]
INFO: [ app_begin ] --END-- [ RunTime:0.012360s ]
NOTIC: [2] is_file(): File name is longer than the maximum allowed path length on this platform (260): ./LIST/Home/View/Index/function getPeople() {        $.ajax({            type: &quot;post&quot;,            url :getPeople,             data:{             },            dataType: &quot;json&quot;,            success: function (res) {            alert(&quot;dfs&quot;)               console.log(res);            }        });    }.html D:\UPUPW_AP5.4\htdocs\list\ThinkPHP\Common\functions.php 第 485 行.
ERR: 非法操作:function getPeople() {        $.ajax({            type: "post",            url :getPeople,             data:{             },            dataType: "json",            success: function (res) {            alert("dfs")               console.log(res);            }        });    }

[ 2016-11-12T16:58:47+08:00 ] ::1 /list/index.php/home/index/function%20getPeople()%20%7B%20%20%20%20%20%20%20%20$.ajax(%7B%20%20%20%20%20%20%20%20%20%20%20%20type:%20%22post%22,%20%20%20%20%20%20%20%20%20%20%20%20url%20:getPeople,%20%20%20%20%20%20%20%20%20%20%20%20%20Data:%7B%20%20%20%20%20%20%20%20%20%20%20%20%20%7D,%20%20%20%20%20%20%20%20%20%20%20%20dataType:%20%22json%22,%20%20%20%20%20%20%20%20%20%20%20%20success:%20function%20(res)%20%7B%20%20%20%20%20%20%20%20%20%20%20%20alert(%22dfs%22)%20%20%20%20%20%20%20%20%20%20%20%20%20%20%20console.log(res.key);%20%20%20%20%20%20%20%20%20%20%20%20%7D%20%20%20%20%20%20%20%20%7D);%20%20%20%20%7D
INFO: [ app_begin ] --START--
INFO: Run Behavior\ReadHtmlCacheBehavior [ RunTime:0.016756s ]
INFO: [ app_begin ] --END-- [ RunTime:0.020508s ]
NOTIC: [2] is_file(): File name is longer than the maximum allowed path length on this platform (260): ./LIST/Home/View/Index/function getPeople() {        $.ajax({            type: &quot;post&quot;,            url :getPeople,             Data:{             },            dataType: &quot;json&quot;,            success: function (res) {            alert(&quot;dfs&quot;)               console.log(res.key);            }        });    }.html D:\UPUPW_AP5.4\htdocs\list\ThinkPHP\Common\functions.php 第 485 行.
ERR: 非法操作:function getPeople() {        $.ajax({            type: "post",            url :getPeople,             Data:{             },            dataType: "json",            success: function (res) {            alert("dfs")               console.log(res.key);            }        });    }

[ 2016-11-12T16:59:10+08:00 ] ::1 /list/index.php/home/index/function%20getPeople()%20%7B%20%20%20%20%20%20%20%20$.ajax(%7B%20%20%20%20%20%20%20%20%20%20%20%20type:%20%22post%22,%20%20%20%20%20%20%20%20%20%20%20%20url%20:getPeople,%20%20%20%20%20%20%20%20%20%20%20%20%20data:%7B%20%20%20%20%20%20%20%20%20%20%20%20%20%7D,%20%20%20%20%20%20%20%20%20%20%20%20dataType:%20%22json%22,%20%20%20%20%20%20%20%20%20%20%20%20success:%20function%20(res)%20%7B%20%20%20%20%20%20%20%20%20%20%20%20%20%20%20alert(%22dfs%22)%20%20%20%20%20%20%20%20%20%20%20%20%20%20%20console.log(res.key);%20%20%20%20%20%20%20%20%20%20%20%20%7D%20%20%20%20%20%20%20%20%7D);%20%20%20%20%7D
INFO: [ app_begin ] --START--
INFO: Run Behavior\ReadHtmlCacheBehavior [ RunTime:0.018559s ]
INFO: [ app_begin ] --END-- [ RunTime:0.025580s ]
NOTIC: [2] is_file(): File name is longer than the maximum allowed path length on this platform (260): ./LIST/Home/View/Index/function getPeople() {        $.ajax({            type: &quot;post&quot;,            url :getPeople,             data:{             },            dataType: &quot;json&quot;,            success: function (res) {               alert(&quot;dfs&quot;)               console.log(res.key);            }        });    }.html D:\UPUPW_AP5.4\htdocs\list\ThinkPHP\Common\functions.php 第 485 行.
ERR: 非法操作:function getPeople() {        $.ajax({            type: "post",            url :getPeople,             data:{             },            dataType: "json",            success: function (res) {               alert("dfs")               console.log(res.key);            }        });    }

[ 2016-11-12T16:59:29+08:00 ] ::1 /list/index.php/home/index/function%20getPeople()%20%7B%20%20%20%20%20%20%20%20$.ajax(%7B%20%20%20%20%20%20%20%20%20%20%20%20type:%20%22post%22,%20%20%20%20%20%20%20%20%20%20%20%20url%20:getPeople,%20%20%20%20%20%20%20%20%20%20%20%20%20data:%7B%20%20%20%20%20%20%20%20%20%20%20%20%20%7D,%20%20%20%20%20%20%20%20%20%20%20%20dataType:%20%22json%22,%20%20%20%20%20%20%20%20%20%20%20%20success:%20function%20(res)%20%7B%20%20%20%20%20%20%20%20%20%20%20%20%20%20%20alert(%22dfs%22)%20%20%20%20%20%20%20%20%20%20%20%20%20%20%20console.log(res.key);%20%20%20%20%20%20%20%20%20%20%20%20%7D%20%20%20%20%20%20%20%20%7D);%20%20%20%20%7D
INFO: [ app_begin ] --START--
INFO: Run Behavior\ReadHtmlCacheBehavior [ RunTime:0.012863s ]
INFO: [ app_begin ] --END-- [ RunTime:0.016782s ]
NOTIC: [2] is_file(): File name is longer than the maximum allowed path length on this platform (260): ./LIST/Home/View/Index/function getPeople() {        $.ajax({            type: &quot;post&quot;,            url :getPeople,             data:{             },            dataType: &quot;json&quot;,            success: function (res) {               alert(&quot;dfs&quot;)               console.log(res.key);            }        });    }.html D:\UPUPW_AP5.4\htdocs\list\ThinkPHP\Common\functions.php 第 485 行.
ERR: 非法操作:function getPeople() {        $.ajax({            type: "post",            url :getPeople,             data:{             },            dataType: "json",            success: function (res) {               alert("dfs")               console.log(res.key);            }        });    }

[ 2016-11-12T16:59:44+08:00 ] ::1 /list/index.php/home/index/function%20getPeople()%20%7B%20%20%20%20%20%20%20%20$.ajax(%7B%20%20%20%20%20%20%20%20%20%20%20%20type:%20%22post%22,%20%20%20%20%20%20%20%20%20%20%20%20url%20:getPeople,%20%20%20%20%20%20%20%20%20%20%20%20%20data:%7B%20%20%20%20%20%20%20%20%20%20%20%20%20%7D,%20%20%20%20%20%20%20%20%20%20%20%20dataType:%20%22json%22,%20%20%20%20%20%20%20%20%20%20%20%20success:%20function%20(res)%20%7B%20%20%20%20%20%20%20%20%20%20%20%20%20%20%20alert(%22dfs%22)%20%20%20%20%20%20%20%20%20%20%20%20%20%20%20console.log(res.key);%20%20%20%20%20%20%20%20%20%20%20%20%7D%20%20%20%20%20%20%20%20%7D);%20%20%20%20%7D
INFO: [ app_begin ] --START--
INFO: Run Behavior\ReadHtmlCacheBehavior [ RunTime:0.016391s ]
INFO: [ app_begin ] --END-- [ RunTime:0.021190s ]
NOTIC: [2] is_file(): File name is longer than the maximum allowed path length on this platform (260): ./LIST/Home/View/Index/function getPeople() {        $.ajax({            type: &quot;post&quot;,            url :getPeople,             data:{             },            dataType: &quot;json&quot;,            success: function (res) {               alert(&quot;dfs&quot;)               console.log(res.key);            }        });    }.html D:\UPUPW_AP5.4\htdocs\list\ThinkPHP\Common\functions.php 第 485 行.
ERR: 非法操作:function getPeople() {        $.ajax({            type: "post",            url :getPeople,             data:{             },            dataType: "json",            success: function (res) {               alert("dfs")               console.log(res.key);            }        });    }

[ 2016-11-12T17:04:38+08:00 ] ::1 /list/index.php/home/index/function%20getPeople()%20%7B%20%20%20%20%20%20%20%20$.ajax(%7B%20%20%20%20%20%20%20%20%20%20%20%20type:%20%22post%22,%20%20%20%20%20%20%20%20%20%20%20%20url%20:getPeople,%20%20%20%20%20%20%20%20%20%20%20%20%20data:%7B%20%20%20%20%20%20%20%20%20%20%20%20%20%7D,%20%20%20%20%20%20%20%20%20%20%20%20dataType:%20%22json%22,%20%20%20%20%20%20%20%20%20%20%20%20success:%20function%20(res)%20%7B%20%20%20%20%20%20%20%20%20%20%20%20%20%20%20alert(%22dfs%22)%20%20%20%20%20%20%20%20%20%20%20%20%20%20%20console.log(res.key);%20%20%20%20%20%20%20%20%20%20%20%20%7D%20%20%20%20%20%20%20%20%7D);%20%20%20%20%7D
INFO: [ app_begin ] --START--
INFO: Run Behavior\ReadHtmlCacheBehavior [ RunTime:0.013261s ]
INFO: [ app_begin ] --END-- [ RunTime:0.017803s ]
NOTIC: [2] is_file(): File name is longer than the maximum allowed path length on this platform (260): ./LIST/Home/View/Index/function getPeople() {        $.ajax({            type: &quot;post&quot;,            url :getPeople,             data:{             },            dataType: &quot;json&quot;,            success: function (res) {               alert(&quot;dfs&quot;)               console.log(res.key);            }        });    }.html D:\UPUPW_AP5.4\htdocs\list\ThinkPHP\Common\functions.php 第 485 行.
ERR: 非法操作:function getPeople() {        $.ajax({            type: "post",            url :getPeople,             data:{             },            dataType: "json",            success: function (res) {               alert("dfs")               console.log(res.key);            }        });    }

[ 2016-11-12T17:05:52+08:00 ] ::1 /list/index.php/Home/index/apiGet.html
INFO: [ app_begin ] --START--
INFO: Run Behavior\ReadHtmlCacheBehavior [ RunTime:0.036814s ]
INFO: [ app_begin ] --END-- [ RunTime:0.040040s ]
SQL: SHOW COLUMNS FROM `tp_organiser` [ RunTime:0.0254s ]
SQL: SHOW COLUMNS FROM `tp_organiser` [ RunTime:0.0186s ]
SQL: SELECT * FROM `tp_organiser`  [ RunTime:0.0010s ]

[ 2016-11-12T17:06:01+08:00 ] ::1 /list/index.php/Home/index/apiGet.html
INFO: [ app_begin ] --START--
INFO: Run Behavior\ReadHtmlCacheBehavior [ RunTime:0.018131s ]
INFO: [ app_begin ] --END-- [ RunTime:0.025600s ]
SQL: SHOW COLUMNS FROM `tp_organiser` [ RunTime:0.1211s ]
SQL: SHOW COLUMNS FROM `tp_organiser` [ RunTime:0.0145s ]
SQL: SELECT * FROM `tp_organiser`  [ RunTime:0.0009s ]

[ 2016-11-12T17:06:19+08:00 ] ::1 /list/index.php/Home/index/apiGet.html
INFO: [ app_begin ] --START--
INFO: Run Behavior\ReadHtmlCacheBehavior [ RunTime:0.025756s ]
INFO: [ app_begin ] --END-- [ RunTime:0.032027s ]
SQL: SHOW COLUMNS FROM `tp_organiser` [ RunTime:0.0275s ]
SQL: SHOW COLUMNS FROM `tp_organiser` [ RunTime:0.0128s ]
SQL: SELECT * FROM `tp_organiser`  [ RunTime:0.0008s ]

[ 2016-11-12T17:07:30+08:00 ] ::1 /list/index.php/Home/index/apiGet.html
INFO: [ app_begin ] --START--
INFO: Run Behavior\ReadHtmlCacheBehavior [ RunTime:0.014640s ]
INFO: [ app_begin ] --END-- [ RunTime:0.019745s ]
SQL: SHOW COLUMNS FROM `tp_organiser` [ RunTime:0.0375s ]
SQL: SHOW COLUMNS FROM `tp_organiser` [ RunTime:0.0140s ]
SQL: SELECT * FROM `tp_organiser`  [ RunTime:0.0008s ]

[ 2016-11-12T17:07:53+08:00 ] ::1 /list/index.php/Home/index/apiGet.html
INFO: [ app_begin ] --START--
INFO: Run Behavior\ReadHtmlCacheBehavior [ RunTime:0.017442s ]
INFO: [ app_begin ] --END-- [ RunTime:0.025014s ]
SQL: SHOW COLUMNS FROM `tp_organiser` [ RunTime:0.0295s ]
SQL: SHOW COLUMNS FROM `tp_organiser` [ RunTime:0.0108s ]
SQL: SELECT * FROM `tp_organiser`  [ RunTime:0.0007s ]

[ 2016-11-12T17:08:25+08:00 ] ::1 /list/index.php/Home/index/apiGet.html
INFO: [ app_begin ] --START--
INFO: Run Behavior\ReadHtmlCacheBehavior [ RunTime:0.029342s ]
INFO: [ app_begin ] --END-- [ RunTime:0.038130s ]
SQL: SHOW COLUMNS FROM `tp_organiser` [ RunTime:0.0322s ]
SQL: SHOW COLUMNS FROM `tp_organiser` [ RunTime:0.0170s ]
SQL: SELECT * FROM `tp_organiser`  [ RunTime:0.0010s ]

[ 2016-11-12T17:08:44+08:00 ] ::1 /list/index.php/Home/index/apiGet.html
INFO: [ app_begin ] --START--
INFO: Run Behavior\ReadHtmlCacheBehavior [ RunTime:0.013177s ]
INFO: [ app_begin ] --END-- [ RunTime:0.016731s ]
SQL: SHOW COLUMNS FROM `tp_organiser` [ RunTime:0.0649s ]
SQL: SHOW COLUMNS FROM `tp_organiser` [ RunTime:0.0158s ]
SQL: SELECT * FROM `tp_organiser`  [ RunTime:0.0009s ]

[ 2016-11-12T17:09:03+08:00 ] ::1 /list/index.php/Home/index/apiGet.html
INFO: [ app_begin ] --START--
INFO: Run Behavior\ReadHtmlCacheBehavior [ RunTime:0.015717s ]
INFO: [ app_begin ] --END-- [ RunTime:0.023109s ]
SQL: SHOW COLUMNS FROM `tp_organiser` [ RunTime:0.0436s ]
SQL: SHOW COLUMNS FROM `tp_organiser` [ RunTime:0.0391s ]
SQL: SELECT * FROM `tp_organiser`  [ RunTime:0.0009s ]

[ 2016-11-12T17:09:19+08:00 ] ::1 /list/index.php/Home/index/apiGet.html
INFO: [ app_begin ] --START--
INFO: Run Behavior\ReadHtmlCacheBehavior [ RunTime:0.022145s ]
INFO: [ app_begin ] --END-- [ RunTime:0.026765s ]
SQL: SHOW COLUMNS FROM `tp_organiser` [ RunTime:0.0964s ]
SQL: SHOW COLUMNS FROM `tp_organiser` [ RunTime:0.0274s ]
SQL: SELECT * FROM `tp_organiser`  [ RunTime:0.0011s ]

[ 2016-11-12T17:21:34+08:00 ] ::1 /list/index.php/Home/index/apiGet.html
INFO: [ app_begin ] --START--
INFO: Run Behavior\ReadHtmlCacheBehavior [ RunTime:0.021404s ]
INFO: [ app_begin ] --END-- [ RunTime:0.026431s ]
SQL: SHOW COLUMNS FROM `tp_organiser` [ RunTime:0.0581s ]
SQL: SHOW COLUMNS FROM `tp_organiser` [ RunTime:0.0149s ]
SQL: SELECT * FROM `tp_organiser`  [ RunTime:0.0010s ]

[ 2016-11-12T17:22:29+08:00 ] ::1 /list/index.php/Home/index/apiGet.html
INFO: [ app_begin ] --START--
INFO: Run Behavior\ReadHtmlCacheBehavior [ RunTime:0.013423s ]
INFO: [ app_begin ] --END-- [ RunTime:0.019455s ]
SQL: SHOW COLUMNS FROM `tp_organiser` [ RunTime:0.0265s ]
SQL: SHOW COLUMNS FROM `tp_organiser` [ RunTime:0.0121s ]
SQL: SELECT * FROM `tp_organiser`  [ RunTime:0.0008s ]

[ 2016-11-12T17:22:37+08:00 ] ::1 /list/index.php/Home/index/apiGet.html
INFO: [ app_begin ] --START--
INFO: Run Behavior\ReadHtmlCacheBehavior [ RunTime:0.013847s ]
INFO: [ app_begin ] --END-- [ RunTime:0.018634s ]
SQL: SHOW COLUMNS FROM `tp_organiser` [ RunTime:0.0365s ]
SQL: SHOW COLUMNS FROM `tp_organiser` [ RunTime:0.0118s ]
SQL: SELECT * FROM `tp_organiser`  [ RunTime:0.0007s ]

[ 2016-11-12T17:30:33+08:00 ] ::1 /list/index.php/Home/index/apiGet.html
INFO: [ app_begin ] --START--
INFO: Run Behavior\ReadHtmlCacheBehavior [ RunTime:0.016018s ]
INFO: [ app_begin ] --END-- [ RunTime:0.022998s ]
SQL: SHOW COLUMNS FROM `tp_organiser` [ RunTime:0.0309s ]
SQL: SHOW COLUMNS FROM `tp_organiser` [ RunTime:0.0173s ]
SQL: SELECT * FROM `tp_organiser`  [ RunTime:0.0008s ]

[ 2016-11-12T17:31:19+08:00 ] ::1 /list/index.php/Home/index/apiGet.html
INFO: [ app_begin ] --START--
INFO: Run Behavior\ReadHtmlCacheBehavior [ RunTime:0.011863s ]
INFO: [ app_begin ] --END-- [ RunTime:0.015564s ]
SQL: SHOW COLUMNS FROM `tp_organiser` [ RunTime:0.0295s ]
SQL: SHOW COLUMNS FROM `tp_organiser` [ RunTime:0.0121s ]
SQL: SELECT * FROM `tp_organiser`  [ RunTime:0.0009s ]

[ 2016-11-12T17:35:44+08:00 ] ::1 /list/index.php/home/index/addd.html
ERR: 非法操作:addd

