[ 2016-11-11T14:22:08+08:00 ] ::1 /list/
INFO: [ app_init ] --START--
INFO: Run Behavior\BuildLiteBehavior [ RunTime:0.000021s ]
INFO: [ app_init ] --END-- [ RunTime:0.000089s ]
INFO: [ app_begin ] --START--
INFO: Run Behavior\ReadHtmlCacheBehavior [ RunTime:0.000764s ]
INFO: [ app_begin ] --END-- [ RunTime:0.000819s ]
INFO: [ view_parse ] --START--
INFO: [ template_filter ] --START--
INFO: Run Behavior\ContentReplaceBehavior [ RunTime:0.027754s ]
INFO: [ template_filter ] --END-- [ RunTime:0.027830s ]
INFO: Run Behavior\ParseTemplateBehavior [ RunTime:0.034124s ]
INFO: [ view_parse ] --END-- [ RunTime:0.034175s ]
INFO: [ view_filter ] --START--
INFO: Run Behavior\WriteHtmlCacheBehavior [ RunTime:0.000328s ]
INFO: [ view_filter ] --END-- [ RunTime:0.000366s ]
INFO: [ app_end ] --START--
INFO: Run Behavior\ShowPageTraceBehavior [ RunTime:0.000638s ]
INFO: [ app_end ] --END-- [ RunTime:0.000683s ]

[ 2016-11-11T19:17:30+08:00 ] ::1 /list/index.php/home/index/demo
ERR: 1146:Table 'list.tp_chinese_spell' doesn't exist
 [ SQL语句 ] : SHOW COLUMNS FROM `tp_chinese_spell`

[ 2016-11-11T19:17:48+08:00 ] ::1 /list/index.php/home/index/demo
ERR: 1146:Table 'list.tp_chinese_spell' doesn't exist
 [ SQL语句 ] : SHOW COLUMNS FROM `tp_chinese_spell`

